# JRE version: OpenJDK Runtime Environment (23.0.1+11) (build 23.0.1+11-39)
# Java VM: OpenJDK 64-Bit Server VM (23.0.1+11-39, mixed mode, sharing, tiered, compressed oops, compressed class ptrs, g1 gc, windows-amd64)
GC Precious Log:
 CardTable entry size: 512
 Card Set container configuration: InlinePtr #cards 4 size 8 Array Of Cards #cards 16 size 48 Howl #buckets 8 coarsen threshold 3686 Howl Bitmap #cards 512 size 80 coarsen threshold 460 Card regions per heap region 1 cards per card region 4096
 CPUs: 12 total, 12 available
 Memory: 16236M
 Large Page Support: Disabled
 NUMA Support: Disabled
 Compressed Oops: Enabled (Zero based)
 Heap Region Size: 2M
 Heap Min Capacity: 8M
 Heap Initial Capacity: 254M
 Heap Max Capacity: 4060M
 Pre-touch: Disabled
 Parallel Workers: 10
 Concurrent Workers: 3
 Concurrent Refinement Workers: 10
 Periodic GC: Disabled
Heap:
 garbage-first heap   total reserved 4157440K, committed 741376K, used 350109K [0x0000000702400000, 0x0000000800000000)
  region size 2048K, 3 young (6144K), 3 survivors (6144K)
 Metaspace       used 796K, committed 960K, reserved 1114112K
  class space    used 64K, committed 128K, reserved 1048576K
GC Heap History (17 events):
Event: 0.187 GC heap before
{Heap before GC invocations=0 (full 0):
 garbage-first heap   total reserved 4157440K, committed 260096K, used 26624K [0x0000000702400000, 0x0000000800000000)
  region size 2048K, 12 young (24576K), 0 survivors (0K)
 Metaspace       used 795K, committed 960K, reserved 1114112K
  class space    used 64K, committed 128K, reserved 1048576K
}
Event: 0.200 GC heap after
{Heap after GC invocations=1 (full 0):
 garbage-first heap   total reserved 4157440K, committed 260096K, used 24447K [0x0000000702400000, 0x0000000800000000)
  region size 2048K, 2 young (4096K), 2 survivors (4096K)
 Metaspace       used 795K, committed 960K, reserved 1114112K
  class space    used 64K, committed 128K, reserved 1048576K
}
Event: 0.219 GC heap before
{Heap before GC invocations=1 (full 0):
 garbage-first heap   total reserved 4157440K, committed 260096K, used 34687K [0x0000000702400000, 0x0000000800000000)
  region size 2048K, 7 young (14336K), 2 survivors (4096K)
 Metaspace       used 796K, committed 960K, reserved 1114112K
  class space    used 64K, committed 128K, reserved 1048576K
}
Event: 0.231 GC heap after
{Heap after GC invocations=2 (full 0):
 garbage-first heap   total reserved 4157440K, committed 260096K, used 36537K [0x0000000702400000, 0x0000000800000000)
  region size 2048K, 1 young (2048K), 1 survivors (2048K)
 Metaspace       used 796K, committed 960K, reserved 1114112K
  class space    used 64K, committed 128K, reserved 1048576K
}
Event: 0.264 GC heap before
{Heap before GC invocations=2 (full 0):
 garbage-first heap   total reserved 4157440K, committed 260096K, used 63161K [0x0000000702400000, 0x0000000800000000)
  region size 2048K, 12 young (24576K), 1 survivors (2048K)
 Metaspace       used 796K, committed 960K, reserved 1114112K
  class space    used 64K, committed 128K, reserved 1048576K
}
Event: 0.277 GC heap after
{Heap after GC invocations=3 (full 0):
 garbage-first heap   total reserved 4157440K, committed 260096K, used 65536K [0x0000000702400000, 0x0000000800000000)
  region size 2048K, 2 young (4096K), 2 survivors (4096K)
 Metaspace       used 796K, committed 960K, reserved 1114112K
  class space    used 64K, committed 128K, reserved 1048576K
}
Event: 0.330 GC heap before
{Heap before GC invocations=3 (full 0):
 garbage-first heap   total reserved 4157440K, committed 260096K, used 100352K [0x0000000702400000, 0x0000000800000000)
  region size 2048K, 16 young (32768K), 2 survivors (4096K)
 Metaspace       used 796K, committed 960K, reserved 1114112K
  class space    used 64K, committed 128K, reserved 1048576K
}
Event: 0.353 GC heap after
{Heap after GC invocations=4 (full 0):
 garbage-first heap   total reserved 4157440K, committed 260096K, used 104448K [0x0000000702400000, 0x0000000800000000)
  region size 2048K, 2 young (4096K), 2 survivors (4096K)
 Metaspace       used 796K, committed 960K, reserved 1114112K
  class space    used 64K, committed 128K, reserved 1048576K
}
Event: 0.406 GC heap before
{Heap before GC invocations=4 (full 0):
 garbage-first heap   total reserved 4157440K, committed 260096K, used 139264K [0x0000000702400000, 0x0000000800000000)
  region size 2048K, 19 young (38912K), 2 survivors (4096K)
 Metaspace       used 796K, committed 960K, reserved 1114112K
  class space    used 64K, committed 128K, reserved 1048576K
}
Event: 0.434 GC heap after
{Heap after GC invocations=5 (full 0):
 garbage-first heap   total reserved 4157440K, committed 741376K, used 142183K [0x0000000702400000, 0x0000000800000000)
  region size 2048K, 3 young (6144K), 3 survivors (6144K)
 Metaspace       used 796K, committed 960K, reserved 1114112K
  class space    used 64K, committed 128K, reserved 1048576K
}
Event: 0.508 GC heap before
{Heap before GC invocations=5 (full 0):
 garbage-first heap   total reserved 4157440K, committed 741376K, used 183143K [0x0000000702400000, 0x0000000800000000)
  region size 2048K, 18 young (36864K), 3 survivors (6144K)
 Metaspace       used 796K, committed 960K, reserved 1114112K
  class space    used 64K, committed 128K, reserved 1048576K
}
Event: 0.529 GC heap after
{Heap after GC invocations=6 (full 0):
 garbage-first heap   total reserved 4157440K, committed 741376K, used 186184K [0x0000000702400000, 0x0000000800000000)
  region size 2048K, 3 young (6144K), 3 survivors (6144K)
 Metaspace       used 796K, committed 960K, reserved 1114112K
  class space    used 64K, committed 128K, reserved 1048576K
}
Event: 0.588 GC heap before
{Heap before GC invocations=6 (full 0):
 garbage-first heap   total reserved 4157440K, committed 741376K, used 223048K [0x0000000702400000, 0x0000000800000000)
  region size 2048K, 21 young (43008K), 3 survivors (6144K)
 Metaspace       used 796K, committed 960K, reserved 1114112K
  class space    used 64K, committed 128K, reserved 1048576K
}
Event: 0.611 GC heap after
{Heap after GC invocations=7 (full 0):
 garbage-first heap   total reserved 4157440K, committed 741376K, used 225895K [0x0000000702400000, 0x0000000800000000)
  region size 2048K, 3 young (6144K), 3 survivors (6144K)
 Metaspace       used 796K, committed 960K, reserved 1114112K
  class space    used 64K, committed 128K, reserved 1048576K
}
Event: 0.713 GC heap before
{Heap before GC invocations=7 (full 0):
 garbage-first heap   total reserved 4157440K, committed 741376K, used 281191K [0x0000000702400000, 0x0000000800000000)
  region size 2048K, 30 young (61440K), 3 survivors (6144K)
 Metaspace       used 796K, committed 960K, reserved 1114112K
  class space    used 64K, committed 128K, reserved 1048576K
}
Event: 0.743 GC heap after
{Heap after GC invocations=8 (full 0):
 garbage-first heap   total reserved 4157440K, committed 741376K, used 286402K [0x0000000702400000, 0x0000000800000000)
  region size 2048K, 4 young (8192K), 4 survivors (8192K)
 Metaspace       used 796K, committed 960K, reserved 1114112K
  class space    used 64K, committed 128K, reserved 1048576K
}
Event: 0.846 GC heap before
{Heap before GC invocations=8 (full 0):
 garbage-first heap   total reserved 4157440K, committed 741376K, used 343746K [0x0000000702400000, 0x0000000800000000)
  region size 2048K, 23 young (47104K), 4 survivors (8192K)
 Metaspace       used 796K, committed 960K, reserved 1114112K
  class space    used 64K, committed 128K, reserved 1048576K
}

