<?xml version="1.0" encoding="UTF-8"?>
<!-- Generated by org.testng.reporters.JUnitXMLReporter -->
<testsuite ignored="0" hostname="DESKTOP-LE77ON6" failures="0" tests="12" name="Command line test" time="0.057" errors="0" timestamp="2025-11-06T22:10:28 MSK">
  <testcase classname="tests.ParametrizedTestNGTest" name="verifyAgeGetter" time="0.006"/>
  <testcase classname="tests.ParametrizedTestNGTest" name="verifyAgeGetter" time="0.001"/>
  <testcase classname="tests.ParametrizedTestNGTest" name="verifyAgeSetter" time="0.001"/>
  <testcase classname="tests.ParametrizedTestNGTest" name="verifyAgeSetter" time="0.0"/>
  <testcase classname="tests.ParametrizedTestNGTest" name="verifyExpGetter" time="0.0"/>
  <testcase classname="tests.ParametrizedTestNGTest" name="verifyExpGetter" time="0.001"/>
  <testcase classname="tests.ParametrizedTestNGTest" name="verifyExpSetter" time="0.001"/>
  <testcase classname="tests.ParametrizedTestNGTest" name="verifyExpSetter" time="0.0"/>
  <testcase classname="tests.ParametrizedTestNGTest" name="verifySkillGetter" time="0.001"/>
  <testcase classname="tests.ParametrizedTestNGTest" name="verifySkillGetter" time="0.001"/>
  <testcase classname="tests.ParametrizedTestNGTest" name="verifySkillSetter" time="0.0"/>
  <testcase classname="tests.ParametrizedTestNGTest" name="verifySkillSetter" time="0.0"/>
</testsuite> <!-- Command line test -->
