<?xml version="1.0" encoding="UTF-8"?>
<testng-results ignored="0" total="12" passed="12" failed="0" skipped="0">
  <reporter-output>
  </reporter-output>
  <suite started-at="2025-11-06T22:10:28 MSK" name="Command line suite" finished-at="2025-11-06T22:10:28 MSK" duration-ms="57">
    <groups>
    </groups>
    <test started-at="2025-11-06T22:10:28 MSK" name="Command line test" finished-at="2025-11-06T22:10:28 MSK" duration-ms="57">
      <class name="tests.ParametrizedTestNGTest">
        <test-method signature="verifyAgeGetter(playground.essence.people.Engineer,java.lang.Integer,java.lang.Integer,java.lang.Integer)[pri:0, instance:tests.ParametrizedTestNGTest@548ad73b]" started-at="2025-11-06T22:10:28 MSK" name="verifyAgeGetter" data-provider="test1" finished-at="2025-11-06T22:10:28 MSK" duration-ms="6" status="PASS">
          <params>
            <param index="0">
              <value>
                <![CDATA[playground.essence.people.ManualEngineer@3e3047e6]]>
              </value>
            </param>
            <param index="1">
              <value>
                <![CDATA[30]]>
              </value>
            </param>
            <param index="2">
              <value>
                <![CDATA[5]]>
              </value>
            </param>
            <param index="3">
              <value>
                <![CDATA[10]]>
              </value>
            </param>
          </params>
          <reporter-output>
          </reporter-output>
        </test-method> <!-- verifyAgeGetter -->
        <test-method signature="verifyAgeGetter(playground.essence.people.Engineer,java.lang.Integer,java.lang.Integer,java.lang.Integer)[pri:0, instance:tests.ParametrizedTestNGTest@548ad73b]" started-at="2025-11-06T22:10:28 MSK" name="verifyAgeGetter" data-provider="test1" finished-at="2025-11-06T22:10:28 MSK" duration-ms="1" status="PASS">
          <params>
            <param index="0">
              <value>
                <![CDATA[playground.essence.people.AutomatedEngineer@7fc229ab]]>
              </value>
            </param>
            <param index="1">
              <value>
                <![CDATA[30]]>
              </value>
            </param>
            <param index="2">
              <value>
                <![CDATA[5]]>
              </value>
            </param>
            <param index="3">
              <value>
                <![CDATA[15]]>
              </value>
            </param>
          </params>
          <reporter-output>
          </reporter-output>
        </test-method> <!-- verifyAgeGetter -->
        <test-method signature="verifyAgeSetter(playground.essence.people.Engineer,java.lang.Integer,java.lang.Integer,java.lang.Integer)[pri:0, instance:tests.ParametrizedTestNGTest@548ad73b]" started-at="2025-11-06T22:10:28 MSK" name="verifyAgeSetter" data-provider="test1" finished-at="2025-11-06T22:10:28 MSK" duration-ms="1" status="PASS">
          <params>
            <param index="0">
              <value>
                <![CDATA[playground.essence.people.ManualEngineer@1198b989]]>
              </value>
            </param>
            <param index="1">
              <value>
                <![CDATA[30]]>
              </value>
            </param>
            <param index="2">
              <value>
                <![CDATA[5]]>
              </value>
            </param>
            <param index="3">
              <value>
                <![CDATA[10]]>
              </value>
            </param>
          </params>
          <reporter-output>
          </reporter-output>
        </test-method> <!-- verifyAgeSetter -->
        <test-method signature="verifyAgeSetter(playground.essence.people.Engineer,java.lang.Integer,java.lang.Integer,java.lang.Integer)[pri:0, instance:tests.ParametrizedTestNGTest@548ad73b]" started-at="2025-11-06T22:10:28 MSK" name="verifyAgeSetter" data-provider="test1" finished-at="2025-11-06T22:10:28 MSK" duration-ms="0" status="PASS">
          <params>
            <param index="0">
              <value>
                <![CDATA[playground.essence.people.AutomatedEngineer@add0edd]]>
              </value>
            </param>
            <param index="1">
              <value>
                <![CDATA[30]]>
              </value>
            </param>
            <param index="2">
              <value>
                <![CDATA[5]]>
              </value>
            </param>
            <param index="3">
              <value>
                <![CDATA[15]]>
              </value>
            </param>
          </params>
          <reporter-output>
          </reporter-output>
        </test-method> <!-- verifyAgeSetter -->
        <test-method signature="verifyExpGetter(playground.essence.people.Engineer,java.lang.Integer,java.lang.Integer,java.lang.Integer)[pri:0, instance:tests.ParametrizedTestNGTest@548ad73b]" started-at="2025-11-06T22:10:28 MSK" name="verifyExpGetter" data-provider="test1" finished-at="2025-11-06T22:10:28 MSK" duration-ms="0" status="PASS">
          <params>
            <param index="0">
              <value>
                <![CDATA[playground.essence.people.ManualEngineer@7ea37dbf]]>
              </value>
            </param>
            <param index="1">
              <value>
                <![CDATA[30]]>
              </value>
            </param>
            <param index="2">
              <value>
                <![CDATA[5]]>
              </value>
            </param>
            <param index="3">
              <value>
                <![CDATA[10]]>
              </value>
            </param>
          </params>
          <reporter-output>
          </reporter-output>
        </test-method> <!-- verifyExpGetter -->
        <test-method signature="verifyExpGetter(playground.essence.people.Engineer,java.lang.Integer,java.lang.Integer,java.lang.Integer)[pri:0, instance:tests.ParametrizedTestNGTest@548ad73b]" started-at="2025-11-06T22:10:28 MSK" name="verifyExpGetter" data-provider="test1" finished-at="2025-11-06T22:10:28 MSK" duration-ms="1" status="PASS">
          <params>
            <param index="0">
              <value>
                <![CDATA[playground.essence.people.AutomatedEngineer@290d210d]]>
              </value>
            </param>
            <param index="1">
              <value>
                <![CDATA[30]]>
              </value>
            </param>
            <param index="2">
              <value>
                <![CDATA[5]]>
              </value>
            </param>
            <param index="3">
              <value>
                <![CDATA[15]]>
              </value>
            </param>
          </params>
          <reporter-output>
          </reporter-output>
        </test-method> <!-- verifyExpGetter -->
        <test-method signature="verifyExpSetter(playground.essence.people.Engineer,java.lang.Integer,java.lang.Integer,java.lang.Integer)[pri:0, instance:tests.ParametrizedTestNGTest@548ad73b]" started-at="2025-11-06T22:10:28 MSK" name="verifyExpSetter" data-provider="test1" finished-at="2025-11-06T22:10:28 MSK" duration-ms="1" status="PASS">
          <params>
            <param index="0">
              <value>
                <![CDATA[playground.essence.people.ManualEngineer@78dd667e]]>
              </value>
            </param>
            <param index="1">
              <value>
                <![CDATA[30]]>
              </value>
            </param>
            <param index="2">
              <value>
                <![CDATA[5]]>
              </value>
            </param>
            <param index="3">
              <value>
                <![CDATA[10]]>
              </value>
            </param>
          </params>
          <reporter-output>
          </reporter-output>
        </test-method> <!-- verifyExpSetter -->
        <test-method signature="verifyExpSetter(playground.essence.people.Engineer,java.lang.Integer,java.lang.Integer,java.lang.Integer)[pri:0, instance:tests.ParametrizedTestNGTest@548ad73b]" started-at="2025-11-06T22:10:28 MSK" name="verifyExpSetter" data-provider="test1" finished-at="2025-11-06T22:10:28 MSK" duration-ms="0" status="PASS">
          <params>
            <param index="0">
              <value>
                <![CDATA[playground.essence.people.AutomatedEngineer@501edcf1]]>
              </value>
            </param>
            <param index="1">
              <value>
                <![CDATA[30]]>
              </value>
            </param>
            <param index="2">
              <value>
                <![CDATA[5]]>
              </value>
            </param>
            <param index="3">
              <value>
                <![CDATA[15]]>
              </value>
            </param>
          </params>
          <reporter-output>
          </reporter-output>
        </test-method> <!-- verifyExpSetter -->
        <test-method signature="verifySkillGetter(playground.essence.people.Engineer,java.lang.Integer,java.lang.Integer,java.lang.Integer)[pri:0, instance:tests.ParametrizedTestNGTest@548ad73b]" started-at="2025-11-06T22:10:28 MSK" name="verifySkillGetter" data-provider="test1" finished-at="2025-11-06T22:10:28 MSK" duration-ms="1" status="PASS">
          <params>
            <param index="0">
              <value>
                <![CDATA[playground.essence.people.ManualEngineer@6b4a4e18]]>
              </value>
            </param>
            <param index="1">
              <value>
                <![CDATA[30]]>
              </value>
            </param>
            <param index="2">
              <value>
                <![CDATA[5]]>
              </value>
            </param>
            <param index="3">
              <value>
                <![CDATA[10]]>
              </value>
            </param>
          </params>
          <reporter-output>
          </reporter-output>
        </test-method> <!-- verifySkillGetter -->
        <test-method signature="verifySkillGetter(playground.essence.people.Engineer,java.lang.Integer,java.lang.Integer,java.lang.Integer)[pri:0, instance:tests.ParametrizedTestNGTest@548ad73b]" started-at="2025-11-06T22:10:28 MSK" name="verifySkillGetter" data-provider="test1" finished-at="2025-11-06T22:10:28 MSK" duration-ms="1" status="PASS">
          <params>
            <param index="0">
              <value>
                <![CDATA[playground.essence.people.AutomatedEngineer@197d671]]>
              </value>
            </param>
            <param index="1">
              <value>
                <![CDATA[30]]>
              </value>
            </param>
            <param index="2">
              <value>
                <![CDATA[5]]>
              </value>
            </param>
            <param index="3">
              <value>
                <![CDATA[15]]>
              </value>
            </param>
          </params>
          <reporter-output>
          </reporter-output>
        </test-method> <!-- verifySkillGetter -->
        <test-method signature="verifySkillSetter(playground.essence.people.Engineer,java.lang.Integer,java.lang.Integer,java.lang.Integer)[pri:0, instance:tests.ParametrizedTestNGTest@548ad73b]" started-at="2025-11-06T22:10:28 MSK" name="verifySkillSetter" data-provider="test1" finished-at="2025-11-06T22:10:28 MSK" duration-ms="0" status="PASS">
          <params>
            <param index="0">
              <value>
                <![CDATA[playground.essence.people.ManualEngineer@79ad8b2f]]>
              </value>
            </param>
            <param index="1">
              <value>
                <![CDATA[30]]>
              </value>
            </param>
            <param index="2">
              <value>
                <![CDATA[5]]>
              </value>
            </param>
            <param index="3">
              <value>
                <![CDATA[10]]>
              </value>
            </param>
          </params>
          <reporter-output>
          </reporter-output>
        </test-method> <!-- verifySkillSetter -->
        <test-method signature="verifySkillSetter(playground.essence.people.Engineer,java.lang.Integer,java.lang.Integer,java.lang.Integer)[pri:0, instance:tests.ParametrizedTestNGTest@548ad73b]" started-at="2025-11-06T22:10:28 MSK" name="verifySkillSetter" data-provider="test1" finished-at="2025-11-06T22:10:28 MSK" duration-ms="0" status="PASS">
          <params>
            <param index="0">
              <value>
                <![CDATA[playground.essence.people.AutomatedEngineer@22635ba0]]>
              </value>
            </param>
            <param index="1">
              <value>
                <![CDATA[30]]>
              </value>
            </param>
            <param index="2">
              <value>
                <![CDATA[5]]>
              </value>
            </param>
            <param index="3">
              <value>
                <![CDATA[15]]>
              </value>
            </param>
          </params>
          <reporter-output>
          </reporter-output>
        </test-method> <!-- verifySkillSetter -->
      </class> <!-- tests.ParametrizedTestNGTest -->
    </test> <!-- Command line test -->
  </suite> <!-- Command line suite -->
</testng-results>
