<?xml version="1.0" encoding="UTF-8"?>
<!-- Generated by org.testng.reporters.JUnitReportReporter -->
<testsuite hostname="DESKTOP-LE77ON6" failures="0" tests="12" name="playground.essence.people.testng.ParametrizedTestNGTest" time="0.012" errors="0" timestamp="2025-11-06T22:10:29 MSK" skipped="0">
  <testcase classname="playground.essence.people.testng.ParametrizedTestNGTest" name="verifyAgeSetter" time="0.000"/>
  <testcase classname="playground.essence.people.testng.ParametrizedTestNGTest" name="verifyExpSetter" time="0.000"/>
  <testcase classname="playground.essence.people.testng.ParametrizedTestNGTest" name="verifySkillGetter" time="0.001"/>
  <testcase classname="playground.essence.people.testng.ParametrizedTestNGTest" name="verifySkillGetter" time="0.001"/>
  <testcase classname="playground.essence.people.testng.ParametrizedTestNGTest" name="verifyExpSetter" time="0.001"/>
  <testcase classname="playground.essence.people.testng.ParametrizedTestNGTest" name="verifySkillSetter" time="0.000"/>
  <testcase classname="playground.essence.people.testng.ParametrizedTestNGTest" name="verifySkillSetter" time="0.000"/>
  <testcase classname="playground.essence.people.testng.ParametrizedTestNGTest" name="verifyAgeGetter" time="0.006"/>
  <testcase classname="playground.essence.people.testng.ParametrizedTestNGTest" name="verifyAgeSetter" time="0.001"/>
  <testcase classname="playground.essence.people.testng.ParametrizedTestNGTest" name="verifyExpGetter" time="0.000"/>
  <testcase classname="playground.essence.people.testng.ParametrizedTestNGTest" name="verifyAgeGetter" time="0.001"/>
  <testcase classname="playground.essence.people.testng.ParametrizedTestNGTest" name="verifyExpGetter" time="0.001"/>
</testsuite> <!-- playground.essence.people.testng.ParametrizedTestNGTest -->
